\BOOKMARK [0][-]{dummy.2}{\376\377\000S\000u\000p\000e\000r\000v\000i\000s\000o\000r\000s}{}% 1
\BOOKMARK [0][-]{dummy.3}{\376\377\000A\000c\000k\000n\000o\000w\000l\000e\000d\000g\000e\000m\000e\000n\000t\000s}{}% 2
\BOOKMARK [0][-]{dummy.4}{\376\377\000C\000o\000n\000t\000e\000n\000t\000s}{}% 3
\BOOKMARK [0][-]{dummy.6}{\376\377\000L\000i\000s\000t\000\040\000o\000f\000\040\000F\000i\000g\000u\000r\000e\000s}{}% 4
\BOOKMARK [0][-]{chapter.8}{\376\377\0001\000\040\000I\000n\000t\000r\000o\000d\000u\000c\000t\000i\000o\000n}{}% 5
\BOOKMARK [1][-]{section.9}{\376\377\0001\000.\0001\000\040\000C\000o\000m\000p\000a\000n\000y\000\040\000P\000r\000e\000s\000e\000n\000t\000a\000t\000i\000o\000n}{chapter.8}% 6
\BOOKMARK [1][-]{section.10}{\376\377\0001\000.\0002\000\040\000O\000u\000t\000l\000i\000n\000e}{chapter.8}% 7
\BOOKMARK [0][-]{chapter.11}{\376\377\0002\000\040\000B\000a\000c\000k\000g\000r\000o\000u\000n\000d}{}% 8
\BOOKMARK [1][-]{section.12}{\376\377\0002\000.\0001\000\040\000N\000o\000n\000-\000D\000e\000s\000t\000r\000u\000c\000t\000i\000v\000e\000\040\000T\000e\000s\000t\000i\000n\000g}{chapter.11}% 9
\BOOKMARK [1][-]{section.13}{\376\377\0002\000.\0002\000\040\000M\000O\000D\000E\000R\000A\000T\000O\000:\000\040\000a\000\040\000R\000a\000d\000i\000o\000g\000r\000a\000p\000h\000y\000\040\000M\000o\000n\000t\000e\000\040\000C\000a\000r\000l\000o\000\040\000S\000i\000m\000u\000l\000a\000t\000i\000o\000n}{chapter.11}% 10
\BOOKMARK [2][-]{subsection.14}{\376\377\0002\000.\0002\000.\0001\000\040\000I\000n\000d\000u\000s\000t\000r\000i\000a\000l\000\040\000R\000a\000d\000i\000o\000g\000r\000a\000p\000h\000y\000\040\000P\000r\000i\000n\000c\000i\000p\000l\000e\000s}{section.13}% 11
\BOOKMARK [2][-]{subsection.18}{\376\377\0002\000.\0002\000.\0002\000\040\000M\000o\000n\000t\000e\000-\000C\000a\000r\000l\000o\000\040\000M\000o\000d\000e\000l\000i\000n\000g\000\040\000P\000r\000o\000c\000e\000s\000s}{section.13}% 12
\BOOKMARK [2][-]{subsection.23}{\376\377\0002\000.\0002\000.\0003\000\040\000M\000O\000D\000E\000R\000A\000T\000O\000\040\000S\000p\000e\000c\000i\000f\000i\000c\000i\000t\000i\000e\000s}{section.13}% 13
\BOOKMARK [1][-]{section.24}{\376\377\0002\000.\0003\000\040\000P\000a\000r\000a\000l\000l\000e\000l\000i\000z\000a\000t\000i\000o\000n\000\040\000w\000i\000t\000h\000\040\000V\000a\000r\000i\000o\000u\000s\000\040\000A\000r\000c\000h\000i\000t\000e\000c\000t\000u\000r\000e\000s}{chapter.11}% 14
\BOOKMARK [2][-]{subsection.25}{\376\377\0002\000.\0003\000.\0001\000\040\000C\000P\000U\000\040\000C\000l\000u\000s\000t\000e\000r\000s}{section.24}% 15
\BOOKMARK [2][-]{subsection.26}{\376\377\0002\000.\0003\000.\0002\000\040\000I\000n\000t\000e\000l\000\040\000M\000I\000C}{section.24}% 16
\BOOKMARK [2][-]{subsection.27}{\376\377\0002\000.\0003\000.\0003\000\040\000G\000P\000G\000P\000U}{section.24}% 17
\BOOKMARK [1][-]{section.28}{\376\377\0002\000.\0004\000\040\000S\000p\000e\000c\000i\000f\000i\000c\000\040\000R\000a\000y\000\040\000T\000r\000a\000c\000i\000n\000g\000\040\000E\000n\000g\000i\000n\000e\000s}{chapter.11}% 18
\BOOKMARK [2][-]{subsection.29}{\376\377\0002\000.\0004\000.\0001\000\040\000I\000n\000t\000e\000l\000\040\000E\000m\000b\000r\000e\000e}{section.28}% 19
\BOOKMARK [2][-]{subsection.30}{\376\377\0002\000.\0004\000.\0002\000\040\000N\000V\000I\000D\000I\000A\000\040\000O\000p\000t\000i\000X}{section.28}% 20
\BOOKMARK [0][-]{chapter.31}{\376\377\0003\000\040\000I\000m\000p\000l\000e\000m\000e\000n\000t\000a\000t\000i\000o\000n\000\040\000w\000i\000t\000h\000\040\000O\000p\000t\000i\000X}{}% 21
\BOOKMARK [1][-]{section.32}{\376\377\0003\000.\0001\000\040\000O\000p\000t\000i\000X\000\040\000R\000a\000y\000\040\000T\000r\000a\000c\000i\000n\000g\000\040\000B\000a\000s\000i\000c\000s}{chapter.31}% 22
\BOOKMARK [1][-]{section.38}{\376\377\0003\000.\0002\000\040\000P\000r\000o\000g\000r\000a\000m\000m\000i\000n\000g\000\040\000M\000o\000d\000e\000l\000\040\000O\000v\000e\000r\000v\000i\000e\000w}{chapter.31}% 23
\BOOKMARK [2][-]{subsection.39}{\376\377\0003\000.\0002\000.\0001\000\040\000H\000o\000s\000t\000\040\000M\000o\000d\000e\000l\000s}{section.38}% 24
\BOOKMARK [2][-]{subsection.40}{\376\377\0003\000.\0002\000.\0002\000\040\000D\000e\000v\000i\000c\000e\000\040\000P\000r\000o\000g\000r\000a\000m\000s}{section.38}% 25
\BOOKMARK [2][-]{subsection.41}{\376\377\0003\000.\0002\000.\0003\000\040\000O\000p\000t\000i\000X\000\040\000R\000a\000y\000\040\000T\000y\000p\000e}{section.38}% 26
\BOOKMARK [2][-]{subsection.54}{\376\377\0003\000.\0002\000.\0004\000\040\000I\000n\000t\000e\000r\000n\000a\000l\000l\000y\000\040\000P\000r\000o\000v\000i\000d\000e\000d\000\040\000S\000e\000m\000a\000n\000t\000i\000c\000s}{section.38}% 27
\BOOKMARK [1][-]{section.56}{\376\377\0003\000.\0003\000\040\000H\000o\000s\000t\000\040\000O\000b\000j\000e\000c\000t\000\040\000M\000o\000d\000e\000l}{chapter.31}% 28
\BOOKMARK [2][-]{subsection.57}{\376\377\0003\000.\0003\000.\0001\000\040\000C\000o\000n\000t\000e\000x\000t}{section.56}% 29
\BOOKMARK [2][-]{subsection.84}{\376\377\0003\000.\0003\000.\0002\000\040\000P\000r\000o\000g\000r\000a\000m}{section.56}% 30
\BOOKMARK [2][-]{subsection.100}{\376\377\0003\000.\0003\000.\0003\000\040\000V\000a\000r\000i\000a\000b\000l\000e\000\040\000a\000n\000d\000\040\000B\000u\000f\000f\000e\000r}{section.56}% 31
\BOOKMARK [2][-]{subsection.128}{\376\377\0003\000.\0003\000.\0004\000\040\000G\000e\000o\000m\000e\000t\000r\000y}{section.56}% 32
\BOOKMARK [2][-]{subsection.143}{\376\377\0003\000.\0003\000.\0005\000\040\000M\000a\000t\000e\000r\000i\000a\000l}{section.56}% 33
\BOOKMARK [2][-]{subsection.153}{\376\377\0003\000.\0003\000.\0006\000\040\000G\000e\000o\000m\000e\000t\000r\000y\000I\000n\000s\000t\000a\000n\000c\000e}{section.56}% 34
\BOOKMARK [2][-]{subsection.164}{\376\377\0003\000.\0003\000.\0007\000\040\000G\000e\000o\000m\000e\000t\000r\000y\000G\000r\000o\000u\000p}{section.56}% 35
\BOOKMARK [2][-]{subsection.172}{\376\377\0003\000.\0003\000.\0008\000\040\000A\000c\000c\000e\000l\000e\000r\000a\000t\000i\000o\000n}{section.56}% 36
\BOOKMARK [1][-]{section.177}{\376\377\0003\000.\0004\000\040\000D\000e\000v\000i\000c\000e\000\040\000O\000p\000t\000i\000X\000\040\000P\000r\000o\000g\000r\000a\000m\000s}{chapter.31}% 37
\BOOKMARK [2][-]{subsection.178}{\376\377\0003\000.\0004\000.\0001\000\040\000R\000a\000y\000\040\000G\000e\000n\000e\000r\000a\000t\000i\000o\000n\000\040\000P\000r\000o\000g\000r\000a\000m}{section.177}% 38
\BOOKMARK [2][-]{subsection.204}{\376\377\0003\000.\0004\000.\0002\000\040\000E\000x\000c\000e\000p\000t\000i\000o\000n\000\040\000P\000r\000o\000g\000r\000a\000m}{section.177}% 39
\BOOKMARK [2][-]{subsection.213}{\376\377\0003\000.\0004\000.\0003\000\040\000C\000l\000o\000s\000e\000s\000t\000\040\000H\000i\000t\000\040\000P\000r\000o\000g\000r\000a\000m}{section.177}% 40
\BOOKMARK [2][-]{subsection.229}{\376\377\0003\000.\0004\000.\0004\000\040\000A\000n\000y\000\040\000H\000i\000t\000\040\000P\000r\000o\000g\000r\000a\000m}{section.177}% 41
\BOOKMARK [2][-]{subsection.230}{\376\377\0003\000.\0004\000.\0005\000\040\000I\000n\000t\000e\000r\000s\000e\000c\000t\000i\000o\000n\000\040\000P\000r\000o\000g\000r\000a\000m}{section.177}% 42
\BOOKMARK [2][-]{subsection.264}{\376\377\0003\000.\0004\000.\0006\000\040\000B\000o\000u\000n\000d\000i\000n\000g\000\040\000B\000o\000x\000\040\000P\000r\000o\000g\000r\000a\000m}{section.177}% 43
\BOOKMARK [1][-]{section.286}{\376\377\0003\000.\0005\000\040\000C\000U\000R\000A\000N\000D\000:\000\040\000R\000N\000G\000\040\000o\000n\000\040\000G\000P\000U\000s\000\040}{chapter.31}% 44
\BOOKMARK [2][-]{subsection.289}{\376\377\0003\000.\0005\000.\0001\000\040\000M\000e\000r\000s\000e\000n\000n\000e\000\040\000T\000w\000i\000s\000t\000e\000r\000:\000\040\000M\000T\000G\000P\0003\0002}{section.286}% 45
\BOOKMARK [2][-]{subsection.291}{\376\377\0003\000.\0005\000.\0002\000\040\000C\000o\000m\000b\000i\000n\000e\000d\000\040\000M\000u\000l\000t\000i\000p\000l\000e\000\040\000R\000e\000c\000u\000r\000s\000i\000v\000e\000\040\000R\000N\000G\000:\000\040\000M\000R\000G\0003\0002\000K\0003\000A}{section.286}% 46
\BOOKMARK [2][-]{subsection.292}{\376\377\0003\000.\0005\000.\0003\000\040\000X\000O\000R\000-\000S\000h\000i\000f\000t\000\040\000R\000N\000G\000:\000\040\000X\000O\000R\000W\000O\000W}{section.286}% 47
\BOOKMARK [1][-]{section.293}{\376\377\0003\000.\0006\000\040\000I\000n\000t\000e\000r\000o\000p\000e\000r\000a\000b\000i\000l\000i\000t\000y\000\040\000w\000i\000t\000h\000\040\000C\000U\000D\000A}{chapter.31}% 48
\BOOKMARK [1][-]{section.313}{\376\377\0003\000.\0007\000\040\000P\000e\000r\000f\000o\000r\000m\000a\000n\000c\000e\000\040\000G\000u\000i\000d\000e\000l\000i\000n\000e\000s}{chapter.31}% 49
\BOOKMARK [1][-]{section.314}{\376\377\0003\000.\0008\000\040\000P\000r\000o\000g\000r\000a\000m\000m\000i\000n\000g\000\040\000C\000a\000v\000e\000a\000t\000s}{chapter.31}% 50
\BOOKMARK [0][-]{chapter.315}{\376\377\0004\000\040\000I\000m\000p\000l\000e\000m\000e\000n\000t\000a\000t\000i\000o\000n}{}% 51
\BOOKMARK [1][-]{section.316}{\376\377\0004\000.\0001\000\040\000M\000o\000d\000e\000l\000i\000n\000g\000\040\000P\000r\000o\000c\000e\000s\000s}{chapter.315}% 52
\BOOKMARK [2][-]{subsection.317}{\376\377\0004\000.\0001\000.\0001\000\040\000P\000r\000o\000j\000e\000c\000t\000i\000o\000n\000\040\000S\000o\000u\000r\000c\000e}{section.316}% 53
\BOOKMARK [2][-]{subsection.318}{\376\377\0004\000.\0001\000.\0002\000\040\000I\000n\000s\000p\000e\000c\000t\000e\000d\000\040\000O\000b\000j\000e\000c\000t}{section.316}% 54
\BOOKMARK [2][-]{subsection.333}{\376\377\0004\000.\0001\000.\0003\000\040\000D\000e\000t\000e\000c\000t\000o\000r}{section.316}% 55
\BOOKMARK [1][-]{section.334}{\376\377\0004\000.\0002\000\040\000P\000r\000o\000b\000l\000e\000m\000s\000\040\000a\000n\000d\000\040\000S\000o\000l\000u\000t\000i\000o\000n\000s}{chapter.315}% 56
\BOOKMARK [2][-]{subsection.335}{\376\377\0004\000.\0002\000.\0001\000\040\000S\000e\000r\000i\000a\000l\000i\000z\000e\000d\000\040\000A\000c\000c\000e\000s\000s\000\040\000t\000o\000\040\000V\000a\000r\000i\000a\000b\000l\000e\000s}{section.334}% 57
\BOOKMARK [2][-]{subsection.338}{\376\377\0004\000.\0002\000.\0002\000\040\000U\000s\000i\000n\000g\000\040\000C\000U\000R\000A\000N\000D\000\040\000w\000i\000t\000h\000i\000n\000\040\000O\000p\000t\000i\000X}{section.334}% 58
\BOOKMARK [2][-]{subsection.363}{\376\377\0004\000.\0002\000.\0003\000\040\000M\000o\000d\000e\000l\000\040\000o\000f\000\040\000P\000h\000o\000t\000o\000n\000\040\000I\000n\000t\000e\000r\000a\000c\000t\000i\000o\000n\000s}{section.334}% 59
\BOOKMARK [2][-]{subsection.376}{\376\377\0004\000.\0002\000.\0004\000\040\000O\000b\000j\000e\000c\000t\000-\000O\000r\000i\000e\000n\000t\000e\000d\000\040\000P\000r\000o\000g\000r\000a\000m\000m\000i\000n\000g\000\040\000o\000n\000\040\000G\000P\000U\000s}{section.334}% 60
\BOOKMARK [0][-]{chapter.377}{\376\377\0005\000\040\000T\000e\000s\000t\000s\000\040\000a\000n\000d\000\040\000R\000e\000s\000u\000l\000t\000s}{}% 61
\BOOKMARK [1][-]{section.378}{\376\377\0005\000.\0001\000\040\000E\000f\000f\000e\000c\000t\000i\000v\000e\000n\000e\000s\000s\000\040\000o\000f\000\040\000F\000a\000s\000t\000-\000M\000a\000t\000h}{chapter.377}% 62
\BOOKMARK [1][-]{section.382}{\376\377\0005\000.\0002\000\040\000D\000e\000g\000r\000a\000d\000a\000t\000i\000o\000n\000\040\000w\000i\000t\000h\000\040\000A\000t\000o\000m\000i\000c\000\040\000O\000p\000e\000r\000a\000t\000i\000o\000n\000s}{chapter.377}% 63
\BOOKMARK [1][-]{section.386}{\376\377\0005\000.\0003\000\040\000I\000n\000f\000l\000u\000e\000n\000c\000e\000\040\000o\000f\000\040\000K\000e\000r\000n\000e\000l\000\040\000S\000i\000z\000e}{chapter.377}% 64
\BOOKMARK [1][-]{section.393}{\376\377\0005\000.\0004\000\040\000C\000o\000m\000p\000a\000r\000i\000s\000o\000n\000\040\000o\000f\000\040\000A\000c\000c\000e\000l\000e\000r\000a\000t\000i\000o\000n\000\040\000S\000t\000r\000u\000c\000t\000u\000r\000e\000s}{chapter.377}% 65
\BOOKMARK [1][-]{section.394}{\376\377\0005\000.\0005\000\040\000O\000p\000t\000i\000X\000\040\000P\000e\000r\000f\000o\000r\000m\000a\000n\000c\000e}{chapter.377}% 66
\BOOKMARK [1][-]{section.397}{\376\377\0005\000.\0006\000\040\000T\000e\000c\000h\000n\000i\000c\000a\000l\000\040\000A\000s\000s\000e\000s\000s\000m\000e\000n\000t}{chapter.377}% 67
\BOOKMARK [2][-]{subsection.398}{\376\377\0005\000.\0006\000.\0001\000\040\000A\000d\000v\000a\000n\000t\000a\000g\000e\000\040\000o\000f\000\040\000O\000p\000t\000i\000X}{section.397}% 68
\BOOKMARK [2][-]{subsection.399}{\376\377\0005\000.\0006\000.\0002\000\040\000D\000i\000f\000f\000i\000c\000u\000l\000t\000i\000e\000s\000\040\000a\000n\000d\000\040\000I\000n\000c\000o\000n\000v\000e\000n\000i\000e\000n\000c\000e\000s}{section.397}% 69
\BOOKMARK [2][-]{subsection.400}{\376\377\0005\000.\0006\000.\0003\000\040\000F\000o\000l\000l\000o\000w\000i\000n\000g\000\040\000W\000o\000r\000k}{section.397}% 70
\BOOKMARK [0][-]{chapter.401}{\376\377\0006\000\040\000C\000o\000n\000c\000l\000u\000s\000i\000o\000n}{}% 71
\BOOKMARK [0][-]{appendix.402}{\376\377\000A\000\040\000I\000n\000s\000t\000a\000l\000l\000a\000t\000i\000o\000n\000\040\000o\000f\000\040\000O\000p\000t\000i\000X}{}% 72
\BOOKMARK [1][-]{section.403}{\376\377\000A\000.\0001\000\040\000P\000r\000e\000-\000i\000n\000s\000t\000a\000l\000l\000a\000t\000i\000o\000n\000\040\000A\000c\000t\000i\000o\000n\000s}{appendix.402}% 73
\BOOKMARK [2][-]{subsection.404}{\376\377\000A\000.\0001\000.\0001\000\040\000V\000e\000r\000i\000f\000y\000\040\000t\000h\000e\000\040\000S\000y\000s\000t\000e\000m\000\040\000H\000a\000s\000\040\000a\000\040\000C\000U\000D\000A\000-\000C\000a\000p\000a\000b\000l\000e\000\040\000G\000P\000U}{section.403}% 74
\BOOKMARK [2][-]{subsection.407}{\376\377\000A\000.\0001\000.\0002\000\040\000V\000e\000r\000i\000f\000y\000\040\000G\000C\000C\000\040\000C\000o\000m\000p\000i\000l\000e\000r}{section.403}% 75
\BOOKMARK [1][-]{section.413}{\376\377\000A\000.\0002\000\040\000I\000n\000s\000t\000a\000l\000l\000a\000t\000i\000o\000n\000\040\000o\000f\000\040\000C\000U\000D\000A\000\040\000T\000o\000o\000l\000k\000i\000t}{appendix.402}% 76
\BOOKMARK [2][-]{subsection.414}{\376\377\000A\000.\0002\000.\0001\000\040\000I\000n\000s\000t\000a\000l\000l\000a\000t\000i\000o\000n\000\040\000o\000f\000\040\000t\000h\000e\000\040\000N\000V\000I\000D\000I\000A\000\040\000D\000r\000i\000v\000e\000r}{section.413}% 77
\BOOKMARK [2][-]{subsection.424}{\376\377\000A\000.\0002\000.\0002\000\040\000I\000n\000s\000t\000a\000l\000l\000a\000t\000i\000o\000n\000\040\000o\000f\000\040\000C\000U\000D\000A\000\040\000T\000o\000o\000l\000k\000i\000t}{section.413}% 78
\BOOKMARK [2][-]{subsection.434}{\376\377\000A\000.\0002\000.\0003\000\040\000V\000e\000r\000i\000f\000y\000\040\000t\000h\000e\000\040\000I\000n\000s\000t\000a\000l\000l\000a\000t\000i\000o\000n\000\040\000o\000f\000\040\000C\000U\000D\000A}{section.413}% 79
\BOOKMARK [1][-]{section.442}{\376\377\000A\000.\0003\000\040\000I\000n\000s\000t\000a\000l\000l\000a\000t\000i\000o\000n\000\040\000o\000f\000\040\000O\000p\000t\000i\000X\000\040\000S\000D\000K}{appendix.402}% 80
\BOOKMARK [2][-]{subsection.446}{\376\377\000A\000.\0003\000.\0001\000\040\000P\000o\000s\000t\000-\000i\000n\000s\000t\000a\000l\000l\000a\000t\000i\000o\000n\000\040\000S\000e\000t\000u\000p}{section.442}% 81
\BOOKMARK [0][-]{appendix.453}{\376\377\000B\000\040\000A\000c\000c\000e\000l\000e\000r\000a\000t\000i\000o\000n\000\040\000S\000t\000r\000u\000c\000t\000u\000r\000e\000s}{}% 82
\BOOKMARK [0][-]{appendix.456}{\376\377\000C\000\040\000T\000i\000m\000e\000\040\000M\000a\000n\000a\000g\000e\000m\000e\000n\000t}{}% 83
\BOOKMARK [0][-]{dummy.459}{\376\377\000B\000i\000b\000l\000i\000o\000g\000r\000a\000p\000h\000y}{}% 84
\BOOKMARK [0][-]{dummy.461}{\376\377\000A\000b\000s\000t\000r\000a\000c\000t}{}% 85
\BOOKMARK [0][-]{dummy.462}{\376\377\000R\000\351\000s\000u\000m\000\351}{}% 86
